{"C:\\Users\\IP L340\\Desktop\\growth-path\\portfolio-projects\\kutt\\client\\src\\components\\header.tsx": {"path":"C:\\Users\\IP L340\\Desktop\\growth-path\\portfolio-projects\\kutt\\client\\src\\components\\header.tsx","statementMap":{"0":{"start":{"line":6,"column":23},"end":{"line":6,"column":null}},"1":{"start":{"line":7,"column":8},"end":{"line":7,"column":null}},"2":{"start":{"line":9,"column":2},"end":{"line":30,"column":null}},"3":{"start":{"line":11,"column":83},"end":{"line":11,"column":102}},"4":{"start":{"line":16,"column":33},"end":{"line":16,"column":53}},"5":{"start":{"line":22,"column":12},"end":{"line":22,"column":null}},"6":{"start":{"line":23,"column":12},"end":{"line":23,"column":null}}},"fnMap":{"0":{"name":"Header","decl":{"start":{"line":5,"column":24},"end":{"line":5,"column":33}},"loc":{"start":{"line":5,"column":33},"end":{"line":32,"column":null}},"line":5},"1":{"name":"(anonymous_1)","decl":{"start":{"line":11,"column":77},"end":{"line":11,"column":83}},"loc":{"start":{"line":11,"column":83},"end":{"line":11,"column":102}},"line":11},"2":{"name":"(anonymous_2)","decl":{"start":{"line":16,"column":27},"end":{"line":16,"column":33}},"loc":{"start":{"line":16,"column":33},"end":{"line":16,"column":53}},"line":16},"3":{"name":"(anonymous_3)","decl":{"start":{"line":21,"column":19},"end":{"line":21,"column":25}},"loc":{"start":{"line":21,"column":25},"end":{"line":24,"column":null}},"line":21}},"branchMap":{"0":{"loc":{"start":{"line":15,"column":9},"end":{"line":18,"column":null}},"type":"binary-expr","locations":[{"start":{"line":15,"column":9},"end":{"line":15,"column":null}},{"start":{"line":16,"column":10},"end":{"line":18,"column":null}}],"line":15}},"s":{"0":4,"1":4,"2":4,"3":1,"4":0,"5":1,"6":1},"f":{"0":4,"1":1,"2":0,"3":1},"b":{"0":[4,1]},"meta":{"lastBranch":1,"lastFunction":4,"lastStatement":7,"seen":{"f:5:24:5:33":0,"s:6:23:6:Infinity":0,"s:7:8:7:Infinity":1,"s:9:2:30:Infinity":2,"f:11:77:11:83":1,"s:11:83:11:102":3,"b:15:9:15:Infinity:16:10:18:Infinity":0,"f:16:27:16:33":2,"s:16:33:16:53":4,"f:21:19:21:25":3,"s:22:12:22:Infinity":5,"s:23:12:23:Infinity":6}}}
,"C:\\Users\\IP L340\\Desktop\\growth-path\\portfolio-projects\\kutt\\client\\src\\routes\\protected-route.tsx": {"path":"C:\\Users\\IP L340\\Desktop\\growth-path\\portfolio-projects\\kutt\\client\\src\\routes\\protected-route.tsx","statementMap":{"0":{"start":{"line":23,"column":43},"end":{"line":23,"column":null}},"1":{"start":{"line":24,"column":8},"end":{"line":24,"column":null}},"2":{"start":{"line":28,"column":2},"end":{"line":37,"column":null}},"3":{"start":{"line":29,"column":4},"end":{"line":35,"column":null}},"4":{"start":{"line":41,"column":2},"end":{"line":48,"column":null}},"5":{"start":{"line":42,"column":4},"end":{"line":46,"column":null}},"6":{"start":{"line":51,"column":2},"end":{"line":53,"column":null}},"7":{"start":{"line":52,"column":4},"end":{"line":52,"column":null}},"8":{"start":{"line":55,"column":2},"end":{"line":55,"column":null}}},"fnMap":{"0":{"name":"ProtectedRoute","decl":{"start":{"line":19,"column":24},"end":{"line":19,"column":39}},"loc":{"start":{"line":22,"column":24},"end":{"line":56,"column":null}},"line":22}},"branchMap":{"0":{"loc":{"start":{"line":21,"column":2},"end":{"line":21,"column":null}},"type":"default-arg","locations":[{"start":{"line":21,"column":14},"end":{"line":21,"column":null}}],"line":21},"1":{"loc":{"start":{"line":28,"column":2},"end":{"line":37,"column":null}},"type":"if","locations":[{"start":{"line":28,"column":2},"end":{"line":37,"column":null}},{"start":{},"end":{}}],"line":28},"2":{"loc":{"start":{"line":41,"column":2},"end":{"line":48,"column":null}},"type":"if","locations":[{"start":{"line":41,"column":2},"end":{"line":48,"column":null}},{"start":{},"end":{}}],"line":41},"3":{"loc":{"start":{"line":51,"column":2},"end":{"line":53,"column":null}},"type":"if","locations":[{"start":{"line":51,"column":2},"end":{"line":53,"column":null}},{"start":{},"end":{}}],"line":51},"4":{"loc":{"start":{"line":51,"column":6},"end":{"line":51,"column":43}},"type":"binary-expr","locations":[{"start":{"line":51,"column":6},"end":{"line":51,"column":19}},{"start":{"line":51,"column":19},"end":{"line":51,"column":43}}],"line":51}},"s":{"0":5,"1":5,"2":5,"3":1,"4":4,"5":1,"6":3,"7":1,"8":2},"f":{"0":5},"b":{"0":[5],"1":[1,4],"2":[1,3],"3":[1,2],"4":[3,2]},"meta":{"lastBranch":5,"lastFunction":1,"lastStatement":9,"seen":{"f:19:24:19:39":0,"b:21:14:21:Infinity":0,"s:23:43:23:Infinity":0,"s:24:8:24:Infinity":1,"b:28:2:37:Infinity:undefined:undefined:undefined:undefined":1,"s:28:2:37:Infinity":2,"s:29:4:35:Infinity":3,"b:41:2:48:Infinity:undefined:undefined:undefined:undefined":2,"s:41:2:48:Infinity":4,"s:42:4:46:Infinity":5,"b:51:2:53:Infinity:undefined:undefined:undefined:undefined":3,"s:51:2:53:Infinity":6,"b:51:6:51:19:51:19:51:43":4,"s:52:4:52:Infinity":7,"s:55:2:55:Infinity":8}}}
,"C:\\Users\\IP L340\\Desktop\\growth-path\\portfolio-projects\\kutt\\client\\src\\types\\auth.types.ts": {"path":"C:\\Users\\IP L340\\Desktop\\growth-path\\portfolio-projects\\kutt\\client\\src\\types\\auth.types.ts","statementMap":{"0":{"start":{"line":71,"column":4},"end":{"line":77,"column":null}},"1":{"start":{"line":72,"column":30},"end":{"line":72,"column":null}},"2":{"start":{"line":73,"column":24},"end":{"line":73,"column":null}},"3":{"start":{"line":74,"column":8},"end":{"line":74,"column":null}},"4":{"start":{"line":76,"column":8},"end":{"line":76,"column":null}},"5":{"start":{"line":84,"column":20},"end":{"line":84,"column":null}},"6":{"start":{"line":85,"column":4},"end":{"line":85,"column":null}},"7":{"start":{"line":85,"column":34},"end":{"line":85,"column":null}},"8":{"start":{"line":87,"column":4},"end":{"line":87,"column":null}}},"fnMap":{"0":{"name":"decodeJWT","decl":{"start":{"line":70,"column":16},"end":{"line":70,"column":26}},"loc":{"start":{"line":70,"column":60},"end":{"line":78,"column":null}},"line":70},"1":{"name":"isTokenExpired","decl":{"start":{"line":83,"column":16},"end":{"line":83,"column":31}},"loc":{"start":{"line":83,"column":55},"end":{"line":88,"column":null}},"line":83}},"branchMap":{"0":{"loc":{"start":{"line":85,"column":4},"end":{"line":85,"column":null}},"type":"if","locations":[{"start":{"line":85,"column":4},"end":{"line":85,"column":null}},{"start":{},"end":{}}],"line":85},"1":{"loc":{"start":{"line":85,"column":8},"end":{"line":85,"column":34}},"type":"binary-expr","locations":[{"start":{"line":85,"column":8},"end":{"line":85,"column":20}},{"start":{"line":85,"column":20},"end":{"line":85,"column":34}}],"line":85}},"s":{"0":8,"1":8,"2":8,"3":8,"4":4,"5":4,"6":4,"7":1,"8":3},"f":{"0":8,"1":4},"b":{"0":[1,3],"1":[4,3]},"meta":{"lastBranch":2,"lastFunction":2,"lastStatement":9,"seen":{"f:70:16:70:26":0,"s:71:4:77:Infinity":0,"s:72:30:72:Infinity":1,"s:73:24:73:Infinity":2,"s:74:8:74:Infinity":3,"s:76:8:76:Infinity":4,"f:83:16:83:31":1,"s:84:20:84:Infinity":5,"b:85:4:85:Infinity:undefined:undefined:undefined:undefined":0,"s:85:4:85:Infinity":6,"b:85:8:85:20:85:20:85:34":1,"s:85:34:85:Infinity":7,"s:87:4:87:Infinity":8}}}
,"C:\\Users\\IP L340\\Desktop\\growth-path\\portfolio-projects\\kutt\\client\\src\\utils\\security.ts": {"path":"C:\\Users\\IP L340\\Desktop\\growth-path\\portfolio-projects\\kutt\\client\\src\\utils\\security.ts","statementMap":{"0":{"start":{"line":11,"column":40},"end":{"line":20,"column":null}},"1":{"start":{"line":21,"column":4},"end":{"line":21,"column":null}},"2":{"start":{"line":21,"column":45},"end":{"line":21,"column":51}},"3":{"start":{"line":28,"column":23},"end":{"line":28,"column":null}},"4":{"start":{"line":29,"column":4},"end":{"line":29,"column":null}},"5":{"start":{"line":40,"column":29},"end":{"line":40,"column":null}},"6":{"start":{"line":42,"column":4},"end":{"line":44,"column":null}},"7":{"start":{"line":43,"column":8},"end":{"line":43,"column":null}},"8":{"start":{"line":45,"column":4},"end":{"line":47,"column":null}},"9":{"start":{"line":46,"column":8},"end":{"line":46,"column":null}},"10":{"start":{"line":48,"column":4},"end":{"line":50,"column":null}},"11":{"start":{"line":49,"column":8},"end":{"line":49,"column":null}},"12":{"start":{"line":51,"column":4},"end":{"line":53,"column":null}},"13":{"start":{"line":52,"column":8},"end":{"line":52,"column":null}},"14":{"start":{"line":54,"column":4},"end":{"line":56,"column":null}},"15":{"start":{"line":55,"column":8},"end":{"line":55,"column":null}},"16":{"start":{"line":58,"column":4},"end":{"line":61,"column":null}},"17":{"start":{"line":68,"column":4},"end":{"line":73,"column":null}},"18":{"start":{"line":69,"column":8},"end":{"line":69,"column":null}},"19":{"start":{"line":70,"column":8},"end":{"line":70,"column":null}},"20":{"start":{"line":72,"column":8},"end":{"line":72,"column":null}},"21":{"start":{"line":80,"column":29},"end":{"line":138,"column":null}},"22":{"start":{"line":82,"column":8},"end":{"line":86,"column":null}},"23":{"start":{"line":83,"column":12},"end":{"line":83,"column":null}},"24":{"start":{"line":85,"column":12},"end":{"line":85,"column":null}},"25":{"start":{"line":90,"column":8},"end":{"line":94,"column":null}},"26":{"start":{"line":91,"column":12},"end":{"line":91,"column":null}},"27":{"start":{"line":93,"column":12},"end":{"line":93,"column":null}},"28":{"start":{"line":98,"column":8},"end":{"line":104,"column":null}},"29":{"start":{"line":99,"column":12},"end":{"line":99,"column":null}},"30":{"start":{"line":100,"column":12},"end":{"line":100,"column":null}},"31":{"start":{"line":101,"column":12},"end":{"line":101,"column":null}},"32":{"start":{"line":103,"column":12},"end":{"line":103,"column":null}},"33":{"start":{"line":108,"column":8},"end":{"line":114,"column":null}},"34":{"start":{"line":110,"column":29},"end":{"line":110,"column":null}},"35":{"start":{"line":111,"column":12},"end":{"line":111,"column":null}},"36":{"start":{"line":113,"column":12},"end":{"line":113,"column":null}},"37":{"start":{"line":118,"column":8},"end":{"line":123,"column":null}},"38":{"start":{"line":119,"column":25},"end":{"line":119,"column":null}},"39":{"start":{"line":120,"column":12},"end":{"line":120,"column":null}},"40":{"start":{"line":122,"column":12},"end":{"line":122,"column":null}},"41":{"start":{"line":127,"column":8},"end":{"line":131,"column":null}},"42":{"start":{"line":128,"column":12},"end":{"line":128,"column":null}},"43":{"start":{"line":130,"column":12},"end":{"line":130,"column":null}},"44":{"start":{"line":135,"column":8},"end":{"line":135,"column":null}},"45":{"start":{"line":136,"column":8},"end":{"line":136,"column":null}},"46":{"start":{"line":144,"column":46},"end":{"line":144,"column":null}},"47":{"start":{"line":149,"column":8},"end":{"line":149,"column":null}},"48":{"start":{"line":150,"column":8},"end":{"line":150,"column":null}},"49":{"start":{"line":154,"column":20},"end":{"line":154,"column":null}},"50":{"start":{"line":155,"column":27},"end":{"line":155,"column":null}},"51":{"start":{"line":156,"column":32},"end":{"line":156,"column":null}},"52":{"start":{"line":156,"column":57},"end":{"line":156,"column":80}},"53":{"start":{"line":158,"column":8},"end":{"line":160,"column":null}},"54":{"start":{"line":159,"column":12},"end":{"line":159,"column":null}},"55":{"start":{"line":162,"column":8},"end":{"line":162,"column":null}},"56":{"start":{"line":163,"column":8},"end":{"line":163,"column":null}},"57":{"start":{"line":164,"column":8},"end":{"line":164,"column":null}},"58":{"start":{"line":168,"column":27},"end":{"line":168,"column":null}},"59":{"start":{"line":169,"column":8},"end":{"line":169,"column":null}},"60":{"start":{"line":169,"column":37},"end":{"line":169,"column":null}},"61":{"start":{"line":171,"column":31},"end":{"line":171,"column":null}},"62":{"start":{"line":172,"column":26},"end":{"line":172,"column":null}},"63":{"start":{"line":173,"column":8},"end":{"line":173,"column":null}},"64":{"start":{"line":180,"column":20},"end":{"line":201,"column":null}},"65":{"start":{"line":182,"column":22},"end":{"line":182,"column":null}},"66":{"start":{"line":183,"column":8},"end":{"line":183,"column":null}},"67":{"start":{"line":184,"column":8},"end":{"line":186,"column":null}},"68":{"start":{"line":184,"column":43},"end":{"line":184,"column":77}},"69":{"start":{"line":190,"column":8},"end":{"line":190,"column":null}},"70":{"start":{"line":194,"column":8},"end":{"line":194,"column":null}},"71":{"start":{"line":198,"column":23},"end":{"line":198,"column":null}},"72":{"start":{"line":199,"column":8},"end":{"line":199,"column":null}}},"fnMap":{"0":{"name":"sanitizeHTML","decl":{"start":{"line":10,"column":16},"end":{"line":10,"column":29}},"loc":{"start":{"line":10,"column":50},"end":{"line":22,"column":null}},"line":10},"1":{"name":"(anonymous_1)","decl":{"start":{"line":21,"column":38},"end":{"line":21,"column":39}},"loc":{"start":{"line":21,"column":45},"end":{"line":21,"column":51}},"line":21},"2":{"name":"isValidEmail","decl":{"start":{"line":27,"column":16},"end":{"line":27,"column":29}},"loc":{"start":{"line":27,"column":53},"end":{"line":30,"column":null}},"line":27},"3":{"name":"validatePassword","decl":{"start":{"line":36,"column":16},"end":{"line":36,"column":33}},"loc":{"start":{"line":39,"column":2},"end":{"line":62,"column":null}},"line":39},"4":{"name":"isValidURL","decl":{"start":{"line":67,"column":16},"end":{"line":67,"column":27}},"loc":{"start":{"line":67,"column":49},"end":{"line":74,"column":null}},"line":67},"5":{"name":"(anonymous_5)","decl":{"start":{"line":81,"column":14},"end":{"line":81,"column":15}},"loc":{"start":{"line":81,"column":39},"end":{"line":87,"column":null}},"line":81},"6":{"name":"(anonymous_6)","decl":{"start":{"line":89,"column":14},"end":{"line":89,"column":35}},"loc":{"start":{"line":89,"column":35},"end":{"line":95,"column":null}},"line":89},"7":{"name":"(anonymous_7)","decl":{"start":{"line":97,"column":17},"end":{"line":97,"column":29}},"loc":{"start":{"line":97,"column":29},"end":{"line":105,"column":null}},"line":97},"8":{"name":"(anonymous_8)","decl":{"start":{"line":107,"column":13},"end":{"line":107,"column":14}},"loc":{"start":{"line":107,"column":37},"end":{"line":115,"column":null}},"line":107},"9":{"name":"(anonymous_9)","decl":{"start":{"line":117,"column":13},"end":{"line":117,"column":32}},"loc":{"start":{"line":117,"column":32},"end":{"line":124,"column":null}},"line":117},"10":{"name":"(anonymous_10)","decl":{"start":{"line":126,"column":16},"end":{"line":126,"column":28}},"loc":{"start":{"line":126,"column":28},"end":{"line":132,"column":null}},"line":126},"11":{"name":"(anonymous_11)","decl":{"start":{"line":134,"column":11},"end":{"line":134,"column":23}},"loc":{"start":{"line":134,"column":23},"end":{"line":137,"column":null}},"line":134},"12":{"name":"(anonymous_12)","decl":{"start":{"line":148,"column":4},"end":{"line":148,"column":16}},"loc":{"start":{"line":148,"column":67},"end":{"line":151,"column":null}},"line":148},"13":{"name":"(anonymous_13)","decl":{"start":{"line":153,"column":4},"end":{"line":153,"column":14}},"loc":{"start":{"line":153,"column":36},"end":{"line":165,"column":null}},"line":153},"14":{"name":"(anonymous_14)","decl":{"start":{"line":156,"column":50},"end":{"line":156,"column":51}},"loc":{"start":{"line":156,"column":57},"end":{"line":156,"column":80}},"line":156},"15":{"name":"(anonymous_15)","decl":{"start":{"line":167,"column":4},"end":{"line":167,"column":21}},"loc":{"start":{"line":167,"column":42},"end":{"line":174,"column":null}},"line":167},"16":{"name":"(anonymous_16)","decl":{"start":{"line":181,"column":14},"end":{"line":181,"column":28}},"loc":{"start":{"line":181,"column":28},"end":{"line":187,"column":null}},"line":181},"17":{"name":"(anonymous_17)","decl":{"start":{"line":184,"column":33},"end":{"line":184,"column":34}},"loc":{"start":{"line":184,"column":43},"end":{"line":184,"column":77}},"line":184},"18":{"name":"(anonymous_18)","decl":{"start":{"line":189,"column":9},"end":{"line":189,"column":30}},"loc":{"start":{"line":189,"column":30},"end":{"line":191,"column":null}},"line":189},"19":{"name":"(anonymous_19)","decl":{"start":{"line":193,"column":9},"end":{"line":193,"column":10}},"loc":{"start":{"line":193,"column":34},"end":{"line":195,"column":null}},"line":193},"20":{"name":"(anonymous_20)","decl":{"start":{"line":197,"column":14},"end":{"line":197,"column":15}},"loc":{"start":{"line":197,"column":42},"end":{"line":200,"column":null}},"line":197}},"branchMap":{"0":{"loc":{"start":{"line":42,"column":4},"end":{"line":44,"column":null}},"type":"if","locations":[{"start":{"line":42,"column":4},"end":{"line":44,"column":null}},{"start":{},"end":{}}],"line":42},"1":{"loc":{"start":{"line":45,"column":4},"end":{"line":47,"column":null}},"type":"if","locations":[{"start":{"line":45,"column":4},"end":{"line":47,"column":null}},{"start":{},"end":{}}],"line":45},"2":{"loc":{"start":{"line":48,"column":4},"end":{"line":50,"column":null}},"type":"if","locations":[{"start":{"line":48,"column":4},"end":{"line":50,"column":null}},{"start":{},"end":{}}],"line":48},"3":{"loc":{"start":{"line":51,"column":4},"end":{"line":53,"column":null}},"type":"if","locations":[{"start":{"line":51,"column":4},"end":{"line":53,"column":null}},{"start":{},"end":{}}],"line":51},"4":{"loc":{"start":{"line":54,"column":4},"end":{"line":56,"column":null}},"type":"if","locations":[{"start":{"line":54,"column":4},"end":{"line":56,"column":null}},{"start":{},"end":{}}],"line":54},"5":{"loc":{"start":{"line":120,"column":19},"end":{"line":120,"column":null}},"type":"cond-expr","locations":[{"start":{"line":120,"column":26},"end":{"line":120,"column":45}},{"start":{"line":120,"column":45},"end":{"line":120,"column":null}}],"line":120},"6":{"loc":{"start":{"line":148,"column":16},"end":{"line":148,"column":41}},"type":"default-arg","locations":[{"start":{"line":148,"column":38},"end":{"line":148,"column":41}}],"line":148},"7":{"loc":{"start":{"line":148,"column":41},"end":{"line":148,"column":67}},"type":"default-arg","locations":[{"start":{"line":148,"column":60},"end":{"line":148,"column":67}}],"line":148},"8":{"loc":{"start":{"line":155,"column":27},"end":{"line":155,"column":null}},"type":"binary-expr","locations":[{"start":{"line":155,"column":27},"end":{"line":155,"column":53}},{"start":{"line":155,"column":53},"end":{"line":155,"column":null}}],"line":155},"9":{"loc":{"start":{"line":158,"column":8},"end":{"line":160,"column":null}},"type":"if","locations":[{"start":{"line":158,"column":8},"end":{"line":160,"column":null}},{"start":{},"end":{}}],"line":158},"10":{"loc":{"start":{"line":168,"column":27},"end":{"line":168,"column":null}},"type":"binary-expr","locations":[{"start":{"line":168,"column":27},"end":{"line":168,"column":53}},{"start":{"line":168,"column":53},"end":{"line":168,"column":null}}],"line":168},"11":{"loc":{"start":{"line":169,"column":8},"end":{"line":169,"column":null}},"type":"if","locations":[{"start":{"line":169,"column":8},"end":{"line":169,"column":null}},{"start":{},"end":{}}],"line":169},"12":{"loc":{"start":{"line":199,"column":15},"end":{"line":199,"column":null}},"type":"binary-expr","locations":[{"start":{"line":199,"column":15},"end":{"line":199,"column":34}},{"start":{"line":199,"column":34},"end":{"line":199,"column":null}}],"line":199}},"s":{"0":2,"1":2,"2":11,"3":6,"4":6,"5":5,"6":5,"7":1,"8":5,"9":0,"10":5,"11":1,"12":5,"13":1,"14":5,"15":1,"16":5,"17":5,"18":5,"19":5,"20":2,"21":1,"22":2,"23":2,"24":0,"25":2,"26":2,"27":0,"28":1,"29":1,"30":1,"31":1,"32":0,"33":2,"34":2,"35":2,"36":0,"37":2,"38":2,"39":2,"40":0,"41":1,"42":1,"43":0,"44":1,"45":1,"46":2,"47":2,"48":2,"49":7,"50":7,"51":7,"52":8,"53":7,"54":2,"55":5,"56":5,"57":5,"58":0,"59":0,"60":0,"61":0,"62":0,"63":0,"64":1,"65":1,"66":1,"67":1,"68":32,"69":2,"70":1,"71":2,"72":2},"f":{"0":2,"1":11,"2":6,"3":5,"4":5,"5":2,"6":2,"7":1,"8":2,"9":2,"10":1,"11":1,"12":2,"13":7,"14":8,"15":0,"16":1,"17":32,"18":2,"19":1,"20":2},"b":{"0":[1,4],"1":[0,5],"2":[1,4],"3":[1,4],"4":[1,4],"5":[1,1],"6":[2],"7":[2],"8":[7,2],"9":[2,5],"10":[0,0],"11":[0,0],"12":[2,2]},"meta":{"lastBranch":13,"lastFunction":21,"lastStatement":73,"seen":{"f:10:16:10:29":0,"s:11:40:20:Infinity":0,"s:21:4:21:Infinity":1,"f:21:38:21:39":1,"s:21:45:21:51":2,"f:27:16:27:29":2,"s:28:23:28:Infinity":3,"s:29:4:29:Infinity":4,"f:36:16:36:33":3,"s:40:29:40:Infinity":5,"b:42:4:44:Infinity:undefined:undefined:undefined:undefined":0,"s:42:4:44:Infinity":6,"s:43:8:43:Infinity":7,"b:45:4:47:Infinity:undefined:undefined:undefined:undefined":1,"s:45:4:47:Infinity":8,"s:46:8:46:Infinity":9,"b:48:4:50:Infinity:undefined:undefined:undefined:undefined":2,"s:48:4:50:Infinity":10,"s:49:8:49:Infinity":11,"b:51:4:53:Infinity:undefined:undefined:undefined:undefined":3,"s:51:4:53:Infinity":12,"s:52:8:52:Infinity":13,"b:54:4:56:Infinity:undefined:undefined:undefined:undefined":4,"s:54:4:56:Infinity":14,"s:55:8:55:Infinity":15,"s:58:4:61:Infinity":16,"f:67:16:67:27":4,"s:68:4:73:Infinity":17,"s:69:8:69:Infinity":18,"s:70:8:70:Infinity":19,"s:72:8:72:Infinity":20,"s:80:29:138:Infinity":21,"f:81:14:81:15":5,"s:82:8:86:Infinity":22,"s:83:12:83:Infinity":23,"s:85:12:85:Infinity":24,"f:89:14:89:35":6,"s:90:8:94:Infinity":25,"s:91:12:91:Infinity":26,"s:93:12:93:Infinity":27,"f:97:17:97:29":7,"s:98:8:104:Infinity":28,"s:99:12:99:Infinity":29,"s:100:12:100:Infinity":30,"s:101:12:101:Infinity":31,"s:103:12:103:Infinity":32,"f:107:13:107:14":8,"s:108:8:114:Infinity":33,"s:110:29:110:Infinity":34,"s:111:12:111:Infinity":35,"s:113:12:113:Infinity":36,"f:117:13:117:32":9,"s:118:8:123:Infinity":37,"s:119:25:119:Infinity":38,"s:120:12:120:Infinity":39,"b:120:26:120:45:120:45:120:Infinity":5,"s:122:12:122:Infinity":40,"f:126:16:126:28":10,"s:127:8:131:Infinity":41,"s:128:12:128:Infinity":42,"s:130:12:130:Infinity":43,"f:134:11:134:23":11,"s:135:8:135:Infinity":44,"s:136:8:136:Infinity":45,"s:144:46:144:Infinity":46,"f:148:4:148:16":12,"b:148:38:148:41":6,"b:148:60:148:67":7,"s:149:8:149:Infinity":47,"s:150:8:150:Infinity":48,"f:153:4:153:14":13,"s:154:20:154:Infinity":49,"s:155:27:155:Infinity":50,"b:155:27:155:53:155:53:155:Infinity":8,"s:156:32:156:Infinity":51,"f:156:50:156:51":14,"s:156:57:156:80":52,"b:158:8:160:Infinity:undefined:undefined:undefined:undefined":9,"s:158:8:160:Infinity":53,"s:159:12:159:Infinity":54,"s:162:8:162:Infinity":55,"s:163:8:163:Infinity":56,"s:164:8:164:Infinity":57,"f:167:4:167:21":15,"s:168:27:168:Infinity":58,"b:168:27:168:53:168:53:168:Infinity":10,"b:169:8:169:Infinity:undefined:undefined:undefined:undefined":11,"s:169:8:169:Infinity":59,"s:169:37:169:Infinity":60,"s:171:31:171:Infinity":61,"s:172:26:172:Infinity":62,"s:173:8:173:Infinity":63,"s:180:20:201:Infinity":64,"f:181:14:181:28":16,"s:182:22:182:Infinity":65,"s:183:8:183:Infinity":66,"s:184:8:186:Infinity":67,"f:184:33:184:34":17,"s:184:43:184:77":68,"f:189:9:189:30":18,"s:190:8:190:Infinity":69,"f:193:9:193:10":19,"s:194:8:194:Infinity":70,"f:197:14:197:15":20,"s:198:23:198:Infinity":71,"s:199:8:199:Infinity":72,"b:199:15:199:34:199:34:199:Infinity":12}}}
}
